0 info it worked if it ends with ok
1 verbose cli [ '/home/xfire/.nvm/versions/node/v6.12.3/bin/node',
1 verbose cli   '/home/xfire/.nvm/versions/node/v6.12.3/bin/npm',
1 verbose cli   'run',
1 verbose cli   'setup' ]
2 info using npm@3.10.10
3 info using node@v6.12.3
4 verbose run-script [ 'presetup', 'setup', 'postsetup' ]
5 info lifecycle platziverse_db@1.0.0~presetup: platziverse_db@1.0.0
6 silly lifecycle platziverse_db@1.0.0~presetup: no script for presetup, continuing
7 info lifecycle platziverse_db@1.0.0~setup: platziverse_db@1.0.0
8 verbose lifecycle platziverse_db@1.0.0~setup: unsafe-perm in lifecycle true
9 verbose lifecycle platziverse_db@1.0.0~setup: PATH: /home/xfire/.nvm/versions/node/v6.12.3/lib/node_modules/npm/bin/node-gyp-bin:/home/xfire/Escritorio/platziverse/platziverse_db/node_modules/.bin:/home/xfire/.nvm/versions/node/v6.12.3/bin:/home/xfire/bin:/home/xfire/.local/bin:/usr/local/sbin:/usr/local/bin:/usr/sbin:/usr/bin:/sbin:/bin:/usr/games:/usr/local/games:/snap/bin
10 verbose lifecycle platziverse_db@1.0.0~setup: CWD: /home/xfire/Escritorio/platziverse/platziverse_db
11 silly lifecycle platziverse_db@1.0.0~setup: Args: [ '-c', 'DEBUG=platziverse:* node setup.js' ]
12 silly lifecycle platziverse_db@1.0.0~setup: Returned: code: 1  signal: null
13 info lifecycle platziverse_db@1.0.0~setup: Failed to exec setup script
14 verbose stack Error: platziverse_db@1.0.0 setup: `DEBUG=platziverse:* node setup.js`
14 verbose stack Exit status 1
14 verbose stack     at EventEmitter.<anonymous> (/home/xfire/.nvm/versions/node/v6.12.3/lib/node_modules/npm/lib/utils/lifecycle.js:255:16)
14 verbose stack     at emitTwo (events.js:106:13)
14 verbose stack     at EventEmitter.emit (events.js:191:7)
14 verbose stack     at ChildProcess.<anonymous> (/home/xfire/.nvm/versions/node/v6.12.3/lib/node_modules/npm/lib/utils/spawn.js:40:14)
14 verbose stack     at emitTwo (events.js:106:13)
14 verbose stack     at ChildProcess.emit (events.js:191:7)
14 verbose stack     at maybeClose (internal/child_process.js:920:16)
14 verbose stack     at Process.ChildProcess._handle.onexit (internal/child_process.js:230:5)
15 verbose pkgid platziverse_db@1.0.0
16 verbose cwd /home/xfire/Escritorio/platziverse/platziverse_db
17 error Linux 4.8.0-54-generic
18 error argv "/home/xfire/.nvm/versions/node/v6.12.3/bin/node" "/home/xfire/.nvm/versions/node/v6.12.3/bin/npm" "run" "setup"
19 error node v6.12.3
20 error npm  v3.10.10
21 error code ELIFECYCLE
22 error platziverse_db@1.0.0 setup: `DEBUG=platziverse:* node setup.js`
22 error Exit status 1
23 error Failed at the platziverse_db@1.0.0 setup script 'DEBUG=platziverse:* node setup.js'.
23 error Make sure you have the latest version of node.js and npm installed.
23 error If you do, this is most likely a problem with the platziverse_db package,
23 error not with npm itself.
23 error Tell the author that this fails on your system:
23 error     DEBUG=platziverse:* node setup.js
23 error You can get information on how to open an issue for this project with:
23 error     npm bugs platziverse_db
23 error Or if that isn't available, you can get their info via:
23 error     npm owner ls platziverse_db
23 error There is likely additional logging output above.
24 verbose exit [ 1, true ]
